{"/Users/vtak/dev/mekanismi/src/version.ts": {"path":"/Users/vtak/dev/mekanismi/src/version.ts","statementMap":{"0":{"start":{"line":1,"column":13},"end":{"line":3,"column":null}}},"fnMap":{},"branchMap":{},"s":{"0":1},"f":{},"b":{}}
,"/Users/vtak/dev/mekanismi/src/components/app/VersionInfo.vue": {"path":"/Users/vtak/dev/mekanismi/src/components/app/VersionInfo.vue","statementMap":{"0":{"start":{"line":2,"column":0},"end":{"line":2,"column":null}},"1":{"start":{"line":4,"column":0},"end":{"line":4,"column":null}},"2":{"start":{"line":10,"column":0},"end":{"line":10,"column":null}},"3":{"start":{"line":12,"column":0},"end":{"line":12,"column":null}},"4":{"start":{"line":13,"column":0},"end":{"line":13,"column":null}}},"fnMap":{"0":{"name":"(anonymous_0)","decl":{"start":{"line":11,"column":0},"end":{"line":11,"column":null}},"loc":{"start":{"line":11,"column":0},"end":{"line":14,"column":null}}}},"branchMap":{"0":{"loc":{"start":{"line":12,"column":0},"end":{"line":12,"column":null}},"type":"cond-expr","locations":[{"start":{"line":12,"column":0},"end":{"line":12,"column":null}},{"start":{"line":12,"column":0},"end":{"line":12,"column":null}}]}},"s":{"0":1,"1":1,"2":1,"3":1,"4":1},"f":{"0":1},"b":{"0":[1,2]}}
,"/Users/vtak/dev/mekanismi/src/components/layout/PageHeader.vue": {"path":"/Users/vtak/dev/mekanismi/src/components/layout/PageHeader.vue","statementMap":{"0":{"start":{"line":2,"column":0},"end":{"line":2,"column":null}},"1":{"start":{"line":4,"column":0},"end":{"line":4,"column":null}}},"fnMap":{},"branchMap":{},"s":{"0":1,"1":1},"f":{},"b":{}}
}
