TN:
SF:src/App.vue
FNF:0
FNH:0
DA:2,0
DA:3,0
DA:4,0
DA:5,0
DA:7,0
LF:5
LH:0
BRF:0
BRH:0
end_of_record
TN:
SF:src/main.ts
FNF:0
FNH:0
DA:1,0
DA:2,0
DA:5,0
LF:3
LH:0
BRF:0
BRH:0
end_of_record
TN:
SF:src/version.ts
FNF:0
FNH:0
DA:1,1
LF:1
LH:1
BRF:0
BRH:0
end_of_record
TN:
SF:src/components/app/MaterialBanner.vue
FN:6,(anonymous_0)
FN:17,(anonymous_1)
FN:20,(anonymous_2)
FN:22,(anonymous_3)
FN:26,(anonymous_4)
FN:29,(anonymous_5)
FN:32,(anonymous_6)
FN:37,(anonymous_7)
FN:40,(anonymous_8)
FN:47,(anonymous_9)
FN:53,acceptUpdate
FNF:11
FNH:0
FNDA:0,(anonymous_0)
FNDA:0,(anonymous_1)
FNDA:0,(anonymous_2)
FNDA:0,(anonymous_3)
FNDA:0,(anonymous_4)
FNDA:0,(anonymous_5)
FNDA:0,(anonymous_6)
FNDA:0,(anonymous_7)
FNDA:0,(anonymous_8)
FNDA:0,(anonymous_9)
FNDA:0,acceptUpdate
DA:2,0
DA:3,0
DA:5,0
DA:7,0
DA:15,0
DA:18,0
DA:21,0
DA:22,0
DA:23,0
DA:27,0
DA:30,0
DA:33,0
DA:34,0
DA:35,0
DA:38,0
DA:41,0
DA:45,0
DA:47,0
DA:48,0
DA:49,0
DA:50,0
DA:54,0
DA:55,0
DA:60,0
LF:24
LH:0
BRDA:48,0,0,0
BRDA:48,0,1,0
BRDA:54,1,0,0
BRDA:54,1,1,0
BRF:4
BRH:0
end_of_record
TN:
SF:src/components/app/VersionInfo.vue
FN:6,(anonymous_0)
FNF:1
FNH:1
FNDA:1,(anonymous_0)
DA:2,1
DA:3,1
DA:5,1
DA:7,1
DA:8,1
LF:5
LH:5
BRDA:7,0,0,1
BRDA:7,0,1,2
BRF:2
BRH:2
end_of_record
TN:
SF:src/components/layout/PageHeader.vue
FNF:0
FNH:0
DA:2,1
DA:4,1
LF:2
LH:2
BRF:0
BRH:0
end_of_record
